Построение начато 25.06.2015 14:27:16.
     1>Проект "C:\Users\Arsen\Desktop\ATM_Bankomat\ATM_Bankomat\ATM_Bankomat.vcxproj" в узле 2 (целевые объекты Build).
       Файл проекта содержит ToolsVersion="12.0". Данный набор инструментов является неизвестным или отсутствует. Для устранения этой ошибки можно установить для данного набора инструментов соответствующую версию .NET Framework. Считается, что проект содержит ToolsVersion="4.0".
     1>ClCompile:
         C:\Program Files\Microsoft Visual Studio 11.0\VC\bin\CL.exe /c /Zi /nologo /W3 /WX- /sdl /Od /Oy- /GL /D _MBCS /Gm /EHsc /RTC1 /MDd /GS /fp:precise /Zc:wchar_t /Zc:forScope /Fo"Debug\\" /Fd"Debug\vc110.pdb" /Gd /TP /analyze- /errorReport:prompt initialization_card.cpp
         initialization_card.cpp
     1>C:\Program Files\Windows Kits\8.0\Include\shared\minwindef.h(130): warning C4005: APIENTRY: изменение макроопределения
                 C:\Users\Arsen\Desktop\ATM_Bankomat\ATM_Bankomat\win32\GLUT\include\GL/gl.h(80): см. предыдущее определение "APIENTRY"
     1>initialization_card.cpp(78): warning C4805: ==: небезопасное смешение типа "int" и типа "bool" в операции
       Link:
         C:\Program Files\Microsoft Visual Studio 11.0\VC\bin\link.exe /ERRORREPORT:PROMPT /OUT:"C:\Users\Arsen\Desktop\ATM_Bankomat\Debug\ATM_Bankomat.exe" /INCREMENTAL /NOLOGO SDL.lib SDL_image.lib SDL_mixer.lib SDL_ttf.lib SDLmain.lib opengl32.lib glut32.lib glu32.lib kernel32.lib user32.lib gdi32.lib winspool.lib comdlg32.lib advapi32.lib shell32.lib ole32.lib oleaut32.lib uuid.lib odbc32.lib odbccp32.lib /MANIFEST /MANIFESTUAC:"level='asInvoker' uiAccess='false'" /manifest:embed /DEBUG /PDB:"C:\Users\Arsen\Desktop\ATM_Bankomat\Debug\ATM_Bankomat.pdb" /SUBSYSTEM:WINDOWS /LTCG /TLBID:1 /DYNAMICBASE /NXCOMPAT /IMPLIB:"C:\Users\Arsen\Desktop\ATM_Bankomat\Debug\ATM_Bankomat.lib" /MACHINE:X86 Debug\Heart_of_the_bankomat.obj
         Debug\initialization_card.obj
         Debug\main.obj
         Debug\pass_card.obj
         Debug\Text.obj
     1>LINK : warning LNK4075: не учитывается "/INCREMENTAL" из-за спецификации "/LTCG"
     1>MSVCRTD.lib(cinitexe.obj) : warning LNK4098: библиотека по умолчанию "msvcrt.lib" противоречит использованию других библиотек; используйте параметр /NODEFAULTLIB:library
         Создание кода
         Создание кода завершено
         ATM_Bankomat.vcxproj -> C:\Users\Arsen\Desktop\ATM_Bankomat\Debug\ATM_Bankomat.exe
     1>Построение проекта "C:\Users\Arsen\Desktop\ATM_Bankomat\ATM_Bankomat\ATM_Bankomat.vcxproj" завершено (целевые объекты Build).

Построение успешно завершено.

Затраченное время: 00:00:09.00
